[INFO] [2017-12-09 16:14:32][org.springframework.beans.factory.xml.XmlBeanDefinitionReader]Loading XML bean definitions from class path resource [spring-mybatis.xml]
  [INFO] [2017-12-09 16:14:32][org.springframework.context.support.GenericApplicationContext]Refreshing org.springframework.context.support.GenericApplicationContext@13c78c0b: startup date [Sat Dec 09 16:14:32 CST 2017]; root of context hierarchy
  [INFO] [2017-12-09 16:14:33][org.springframework.beans.factory.config.PropertyPlaceholderConfigurer]Loading properties file from class path resource [jdbc.properties]
  [INFO] [2017-12-09 16:14:33][org.springframework.beans.factory.annotation.AutowiredAnnotationBeanPostProcessor]JSR-330 'javax.inject.Inject' annotation found and supported for autowiring
  [INFO] [2017-12-09 16:14:33][org.springframework.context.support.ClassPathXmlApplicationContext]Refreshing org.springframework.context.support.ClassPathXmlApplicationContext@79da8dc5: startup date [Sat Dec 09 16:14:33 CST 2017]; root of context hierarchy
  [INFO] [2017-12-09 16:14:33][org.springframework.beans.factory.xml.XmlBeanDefinitionReader]Loading XML bean definitions from class path resource [applicationContext.xml]
  [INFO] [2017-12-09 16:14:33][org.springframework.context.support.GenericApplicationContext]Closing org.springframework.context.support.GenericApplicationContext@13c78c0b: startup date [Sat Dec 09 16:14:32 CST 2017]; root of context hierarchy
  [INFO] [2017-12-09 17:10:48][org.springframework.web.context.ContextLoader]Root WebApplicationContext: initialization started
  [INFO] [2017-12-09 17:10:48][org.springframework.web.context.support.XmlWebApplicationContext]Refreshing Root WebApplicationContext: startup date [Sat Dec 09 17:10:48 CST 2017]; root of context hierarchy
  [INFO] [2017-12-09 17:10:49][org.springframework.web.context.ContextLoader]Root WebApplicationContext: initialization completed in 340 ms
  [INFO] [2017-12-09 17:10:49][org.springframework.web.servlet.DispatcherServlet]FrameworkServlet 'spring-mvc': initialization started
  [INFO] [2017-12-09 17:10:49][org.springframework.web.context.support.XmlWebApplicationContext]Refreshing WebApplicationContext for namespace 'spring-mvc-servlet': startup date [Sat Dec 09 17:10:49 CST 2017]; parent: Root WebApplicationContext
  [INFO] [2017-12-09 17:10:49][org.springframework.beans.factory.xml.XmlBeanDefinitionReader]Loading XML bean definitions from class path resource [spring-mvc.xml]
  [INFO] [2017-12-09 17:10:49][org.springframework.beans.factory.annotation.AutowiredAnnotationBeanPostProcessor]JSR-330 'javax.inject.Inject' annotation found and supported for autowiring
  [ERROR] [2017-12-09 17:10:49][org.springframework.web.servlet.DispatcherServlet]Context initialization failed
  org.springframework.beans.factory.BeanCreationException: Error creating bean with name 'userController': Injection of resource dependencies failed; nested exception is org.springframework.beans.factory.NoSuchBeanDefinitionException: No qualifying bean of type [com.mybatis.spring.service.IUserService] found for dependency: expected at least 1 bean which qualifies as autowire candidate for this dependency. Dependency annotations: {@javax.annotation.Resource(shareable=true, lookup=, name=, description=, authenticationType=CONTAINER, type=class java.lang.Object, mappedName=)}
	at org.springframework.context.annotation.CommonAnnotationBeanPostProcessor.postProcessPropertyValues(CommonAnnotationBeanPostProcessor.java:307)
	at org.springframework.beans.factory.support.AbstractAutowireCapableBeanFactory.populateBean(AbstractAutowireCapableBeanFactory.java:1185)
	at org.springframework.beans.factory.support.AbstractAutowireCapableBeanFactory.doCreateBean(AbstractAutowireCapableBeanFactory.java:537)
	at org.springframework.beans.factory.support.AbstractAutowireCapableBeanFactory.createBean(AbstractAutowireCapableBeanFactory.java:475)
	at org.springframework.beans.factory.support.AbstractBeanFactory$1.getObject(AbstractBeanFactory.java:304)
	at org.springframework.beans.factory.support.DefaultSingletonBeanRegistry.getSingleton(DefaultSingletonBeanRegistry.java:228)
	at org.springframework.beans.factory.support.AbstractBeanFactory.doGetBean(AbstractBeanFactory.java:300)
	at org.springframework.beans.factory.support.AbstractBeanFactory.getBean(AbstractBeanFactory.java:195)
	at org.springframework.beans.factory.support.DefaultListableBeanFactory.preInstantiateSingletons(DefaultListableBeanFactory.java:700)
	at org.springframework.context.support.AbstractApplicationContext.finishBeanFactoryInitialization(AbstractApplicationContext.java:760)
	at org.springframework.context.support.AbstractApplicationContext.refresh(AbstractApplicationContext.java:482)
	at org.springframework.web.servlet.FrameworkServlet.configureAndRefreshWebApplicationContext(FrameworkServlet.java:658)
	at org.springframework.web.servlet.FrameworkServlet.createWebApplicationContext(FrameworkServlet.java:624)
	at org.springframework.web.servlet.FrameworkServlet.createWebApplicationContext(FrameworkServlet.java:672)
	at org.springframework.web.servlet.FrameworkServlet.initWebApplicationContext(FrameworkServlet.java:543)
	at org.springframework.web.servlet.FrameworkServlet.initServletBean(FrameworkServlet.java:484)
	at org.springframework.web.servlet.HttpServletBean.init(HttpServletBean.java:136)
	at javax.servlet.GenericServlet.init(GenericServlet.java:158)
	at org.apache.catalina.core.StandardWrapper.initServlet(StandardWrapper.java:1238)
	at org.apache.catalina.core.StandardWrapper.loadServlet(StandardWrapper.java:1151)
	at org.apache.catalina.core.StandardWrapper.load(StandardWrapper.java:1038)
	at org.apache.catalina.core.StandardContext.loadOnStartup(StandardContext.java:5027)
	at org.apache.catalina.core.StandardContext.startInternal(StandardContext.java:5337)
	at org.apache.catalina.util.LifecycleBase.start(LifecycleBase.java:147)
	at org.apache.catalina.core.StandardContext.reload(StandardContext.java:3858)
	at org.apache.catalina.loader.WebappLoader.backgroundProcess(WebappLoader.java:291)
	at org.apache.catalina.core.StandardContext.backgroundProcess(StandardContext.java:5660)
	at org.apache.catalina.core.ContainerBase$ContainerBackgroundProcessor.processChildren(ContainerBase.java:1376)
	at org.apache.catalina.core.ContainerBase$ContainerBackgroundProcessor.processChildren(ContainerBase.java:1380)
	at org.apache.catalina.core.ContainerBase$ContainerBackgroundProcessor.processChildren(ContainerBase.java:1380)
	at org.apache.catalina.core.ContainerBase$ContainerBackgroundProcessor.run(ContainerBase.java:1348)
	at java.lang.Thread.run(Thread.java:745)
Caused by: org.springframework.beans.factory.NoSuchBeanDefinitionException: No qualifying bean of type [com.mybatis.spring.service.IUserService] found for dependency: expected at least 1 bean which qualifies as autowire candidate for this dependency. Dependency annotations: {@javax.annotation.Resource(shareable=true, lookup=, name=, description=, authenticationType=CONTAINER, type=class java.lang.Object, mappedName=)}
	at org.springframework.beans.factory.support.DefaultListableBeanFactory.raiseNoSuchBeanDefinitionException(DefaultListableBeanFactory.java:1100)
	at org.springframework.beans.factory.support.DefaultListableBeanFactory.doResolveDependency(DefaultListableBeanFactory.java:960)
	at org.springframework.beans.factory.support.DefaultListableBeanFactory.resolveDependency(DefaultListableBeanFactory.java:855)
	at org.springframework.context.annotation.CommonAnnotationBeanPostProcessor.autowireResource(CommonAnnotationBeanPostProcessor.java:441)
	at org.springframework.context.annotation.CommonAnnotationBeanPostProcessor.getResource(CommonAnnotationBeanPostProcessor.java:419)
	at org.springframework.context.annotation.CommonAnnotationBeanPostProcessor$ResourceElement.getResourceToInject(CommonAnnotationBeanPostProcessor.java:544)
	at org.springframework.beans.factory.annotation.InjectionMetadata$InjectedElement.inject(InjectionMetadata.java:155)
	at org.springframework.beans.factory.annotation.InjectionMetadata.inject(InjectionMetadata.java:87)
	at org.springframework.context.annotation.CommonAnnotationBeanPostProcessor.postProcessPropertyValues(CommonAnnotationBeanPostProcessor.java:304)
	... 31 more
[INFO] [2017-12-09 17:11:07][org.springframework.web.context.support.XmlWebApplicationContext]Closing Root WebApplicationContext: startup date [Sat Dec 09 17:10:48 CST 2017]; root of context hierarchy
  [INFO] [2017-12-09 17:11:26][org.springframework.web.context.ContextLoader]Root WebApplicationContext: initialization started
  [INFO] [2017-12-09 17:11:26][org.springframework.web.context.support.XmlWebApplicationContext]Refreshing Root WebApplicationContext: startup date [Sat Dec 09 17:11:26 CST 2017]; root of context hierarchy
  [INFO] [2017-12-09 17:11:26][org.springframework.web.context.ContextLoader]Root WebApplicationContext: initialization completed in 410 ms
  [INFO] [2017-12-09 17:11:26][org.springframework.web.servlet.DispatcherServlet]FrameworkServlet 'spring-mvc': initialization started
  [INFO] [2017-12-09 17:11:26][org.springframework.web.context.support.XmlWebApplicationContext]Refreshing WebApplicationContext for namespace 'spring-mvc-servlet': startup date [Sat Dec 09 17:11:26 CST 2017]; parent: Root WebApplicationContext
  [INFO] [2017-12-09 17:11:26][org.springframework.beans.factory.xml.XmlBeanDefinitionReader]Loading XML bean definitions from class path resource [spring-mvc.xml]
  [INFO] [2017-12-09 17:11:27][org.springframework.beans.factory.annotation.AutowiredAnnotationBeanPostProcessor]JSR-330 'javax.inject.Inject' annotation found and supported for autowiring
  [ERROR] [2017-12-09 17:11:27][org.springframework.web.servlet.DispatcherServlet]Context initialization failed
  org.springframework.beans.factory.BeanCreationException: Error creating bean with name 'userController': Injection of resource dependencies failed; nested exception is org.springframework.beans.factory.NoSuchBeanDefinitionException: No qualifying bean of type [com.mybatis.spring.service.IUserService] found for dependency: expected at least 1 bean which qualifies as autowire candidate for this dependency. Dependency annotations: {@javax.annotation.Resource(shareable=true, lookup=, name=, description=, authenticationType=CONTAINER, type=class java.lang.Object, mappedName=)}
	at org.springframework.context.annotation.CommonAnnotationBeanPostProcessor.postProcessPropertyValues(CommonAnnotationBeanPostProcessor.java:307)
	at org.springframework.beans.factory.support.AbstractAutowireCapableBeanFactory.populateBean(AbstractAutowireCapableBeanFactory.java:1185)
	at org.springframework.beans.factory.support.AbstractAutowireCapableBeanFactory.doCreateBean(AbstractAutowireCapableBeanFactory.java:537)
	at org.springframework.beans.factory.support.AbstractAutowireCapableBeanFactory.createBean(AbstractAutowireCapableBeanFactory.java:475)
	at org.springframework.beans.factory.support.AbstractBeanFactory$1.getObject(AbstractBeanFactory.java:304)
	at org.springframework.beans.factory.support.DefaultSingletonBeanRegistry.getSingleton(DefaultSingletonBeanRegistry.java:228)
	at org.springframework.beans.factory.support.AbstractBeanFactory.doGetBean(AbstractBeanFactory.java:300)
	at org.springframework.beans.factory.support.AbstractBeanFactory.getBean(AbstractBeanFactory.java:195)
	at org.springframework.beans.factory.support.DefaultListableBeanFactory.preInstantiateSingletons(DefaultListableBeanFactory.java:700)
	at org.springframework.context.support.AbstractApplicationContext.finishBeanFactoryInitialization(AbstractApplicationContext.java:760)
	at org.springframework.context.support.AbstractApplicationContext.refresh(AbstractApplicationContext.java:482)
	at org.springframework.web.servlet.FrameworkServlet.configureAndRefreshWebApplicationContext(FrameworkServlet.java:658)
	at org.springframework.web.servlet.FrameworkServlet.createWebApplicationContext(FrameworkServlet.java:624)
	at org.springframework.web.servlet.FrameworkServlet.createWebApplicationContext(FrameworkServlet.java:672)
	at org.springframework.web.servlet.FrameworkServlet.initWebApplicationContext(FrameworkServlet.java:543)
	at org.springframework.web.servlet.FrameworkServlet.initServletBean(FrameworkServlet.java:484)
	at org.springframework.web.servlet.HttpServletBean.init(HttpServletBean.java:136)
	at javax.servlet.GenericServlet.init(GenericServlet.java:158)
	at org.apache.catalina.core.StandardWrapper.initServlet(StandardWrapper.java:1238)
	at org.apache.catalina.core.StandardWrapper.loadServlet(StandardWrapper.java:1151)
	at org.apache.catalina.core.StandardWrapper.load(StandardWrapper.java:1038)
	at org.apache.catalina.core.StandardContext.loadOnStartup(StandardContext.java:5027)
	at org.apache.catalina.core.StandardContext.startInternal(StandardContext.java:5337)
	at org.apache.catalina.util.LifecycleBase.start(LifecycleBase.java:147)
	at org.apache.catalina.core.ContainerBase.addChildInternal(ContainerBase.java:725)
	at org.apache.catalina.core.ContainerBase.addChild(ContainerBase.java:701)
	at org.apache.catalina.core.StandardHost.addChild(StandardHost.java:717)
	at org.apache.catalina.startup.HostConfig.deployDescriptor(HostConfig.java:587)
	at org.apache.catalina.startup.HostConfig$DeployDescriptor.run(HostConfig.java:1798)
	at java.util.concurrent.Executors$RunnableAdapter.call(Executors.java:511)
	at java.util.concurrent.FutureTask.run(FutureTask.java:266)
	at java.util.concurrent.ThreadPoolExecutor.runWorker(ThreadPoolExecutor.java:1142)
	at java.util.concurrent.ThreadPoolExecutor$Worker.run(ThreadPoolExecutor.java:617)
	at java.lang.Thread.run(Thread.java:745)
Caused by: org.springframework.beans.factory.NoSuchBeanDefinitionException: No qualifying bean of type [com.mybatis.spring.service.IUserService] found for dependency: expected at least 1 bean which qualifies as autowire candidate for this dependency. Dependency annotations: {@javax.annotation.Resource(shareable=true, lookup=, name=, description=, authenticationType=CONTAINER, type=class java.lang.Object, mappedName=)}
	at org.springframework.beans.factory.support.DefaultListableBeanFactory.raiseNoSuchBeanDefinitionException(DefaultListableBeanFactory.java:1100)
	at org.springframework.beans.factory.support.DefaultListableBeanFactory.doResolveDependency(DefaultListableBeanFactory.java:960)
	at org.springframework.beans.factory.support.DefaultListableBeanFactory.resolveDependency(DefaultListableBeanFactory.java:855)
	at org.springframework.context.annotation.CommonAnnotationBeanPostProcessor.autowireResource(CommonAnnotationBeanPostProcessor.java:441)
	at org.springframework.context.annotation.CommonAnnotationBeanPostProcessor.getResource(CommonAnnotationBeanPostProcessor.java:419)
	at org.springframework.context.annotation.CommonAnnotationBeanPostProcessor$ResourceElement.getResourceToInject(CommonAnnotationBeanPostProcessor.java:544)
	at org.springframework.beans.factory.annotation.InjectionMetadata$InjectedElement.inject(InjectionMetadata.java:155)
	at org.springframework.beans.factory.annotation.InjectionMetadata.inject(InjectionMetadata.java:87)
	at org.springframework.context.annotation.CommonAnnotationBeanPostProcessor.postProcessPropertyValues(CommonAnnotationBeanPostProcessor.java:304)
	... 33 more
[INFO] [2017-12-09 17:12:33][org.springframework.web.context.support.XmlWebApplicationContext]Closing Root WebApplicationContext: startup date [Sat Dec 09 17:11:26 CST 2017]; root of context hierarchy
  [INFO] [2017-12-09 17:12:53][org.springframework.web.context.ContextLoader]Root WebApplicationContext: initialization started
  [INFO] [2017-12-09 17:12:54][org.springframework.web.context.support.XmlWebApplicationContext]Refreshing Root WebApplicationContext: startup date [Sat Dec 09 17:12:54 CST 2017]; root of context hierarchy
  [INFO] [2017-12-09 17:12:54][org.springframework.web.context.ContextLoader]Root WebApplicationContext: initialization completed in 350 ms
  [INFO] [2017-12-09 17:12:54][org.springframework.web.servlet.DispatcherServlet]FrameworkServlet 'spring-mvc': initialization started
  [INFO] [2017-12-09 17:12:54][org.springframework.web.context.support.XmlWebApplicationContext]Refreshing WebApplicationContext for namespace 'spring-mvc-servlet': startup date [Sat Dec 09 17:12:54 CST 2017]; parent: Root WebApplicationContext
  [INFO] [2017-12-09 17:12:54][org.springframework.beans.factory.xml.XmlBeanDefinitionReader]Loading XML bean definitions from ServletContext resource [/WEB-INF/spring-mvc-servlet.xml]
  [INFO] [2017-12-09 17:12:54][org.springframework.beans.factory.annotation.AutowiredAnnotationBeanPostProcessor]JSR-330 'javax.inject.Inject' annotation found and supported for autowiring
  [INFO] [2017-12-09 17:12:54][org.springframework.web.servlet.DispatcherServlet]FrameworkServlet 'spring-mvc': initialization completed in 634 ms
  [WARN] [2017-12-09 17:15:05][org.springframework.web.servlet.PageNotFound]No mapping found for HTTP request with URI [/MyBatisSpringMVC/user/showUser] in DispatcherServlet with name 'spring-mvc'
  